{"name": "test_export_scanners_page", "status": "broken", "statusDetails": {"message": "selenium.common.exceptions.NoSuchElementException: Message: no such element: Unable to locate element: {\"method\":\"xpath\",\"selector\":\"//button[@class =\"button-3 group block p-2.5 shadow-none transition-colors\"]\"}\n  (Session info: chrome=123.0.6312.106); For documentation on this error, please visit: https://www.selenium.dev/documentation/webdriver/troubleshooting/errors#no-such-element-exception\nStacktrace:\n0   chromedriver                        0x000000010081041c chromedriver + 4326428\n1   chromedriver                        0x00000001008088e4 chromedriver + 4294884\n2   chromedriver                        0x0000000100434088 chromedriver + 278664\n3   chromedriver                        0x0000000100476a80 chromedriver + 551552\n4   chromedriver                        0x00000001004af4f8 chromedriver + 783608\n5   chromedriver                        0x000000010046b4e4 chromedriver + 505060\n6   chromedriver                        0x000000010046bf5c chromedriver + 507740\n7   chromedriver                        0x00000001007d39b8 chromedriver + 4078008\n8   chromedriver                        0x00000001007d8770 chromedriver + 4097904\n9   chromedriver                        0x00000001007ba55c chromedriver + 3974492\n10  chromedriver                        0x00000001007d9088 chromedriver + 4100232\n11  chromedriver                        0x00000001007abb4c chromedriver + 3914572\n12  chromedriver                        0x00000001007f9690 chromedriver + 4232848\n13  chromedriver                        0x00000001007f980c chromedriver + 4233228\n14  chromedriver                        0x0000000100808558 chromedriver + 4293976\n15  libsystem_pthread.dylib             0x00000001851a6f94 _pthread_start + 136\n16  libsystem_pthread.dylib             0x00000001851a1d34 thread_start + 8", "trace": "get_driver = <selenium.webdriver.chrome.webdriver.WebDriver (session=\"9efc8a0bfc4c9cbae65b1d7524dfeeaa\")>\n\n    def test_export_scanners_page(get_driver):\n        driver = get_driver\n        driver.get(ConfigManager.url)\n        login_page = LoginPage(driver)\n        driver.maximize_window()\n        login_page.set_user_name(ConfigManager.user_name)\n        login_page.set_password(ConfigManager.user_pass)\n        login_page.click_login()\n    \n>       export_button = driver.find_element(By.XPATH, Locators.export_scanners_page_xpath_locator)\n\ntest_scanners_page.py:19: \n_ _ _ _ _ _ _ _ _ _ _ _ _ _ _ _ _ _ _ _ _ _ _ _ _ _ _ _ _ _ _ _ _ _ _ _ _ _ _ _ \n/Library/Frameworks/Python.framework/Versions/3.12/lib/python3.12/site-packages/selenium/webdriver/remote/webdriver.py:741: in find_element\n    return self.execute(Command.FIND_ELEMENT, {\"using\": by, \"value\": value})[\"value\"]\n/Library/Frameworks/Python.framework/Versions/3.12/lib/python3.12/site-packages/selenium/webdriver/remote/webdriver.py:347: in execute\n    self.error_handler.check_response(response)\n_ _ _ _ _ _ _ _ _ _ _ _ _ _ _ _ _ _ _ _ _ _ _ _ _ _ _ _ _ _ _ _ _ _ _ _ _ _ _ _ \n\nself = <selenium.webdriver.remote.errorhandler.ErrorHandler object at 0x106ca4470>\nresponse = {'status': 404, 'value': '{\"value\":{\"error\":\"no such element\",\"message\":\"no such element: Unable to locate element: {\\...0001851a6f94 _pthread_start + 136\\\\n16  libsystem_pthread.dylib             0x00000001851a1d34 thread_start + 8\\\\n\"}}'}\n\n    def check_response(self, response: Dict[str, Any]) -> None:\n        \"\"\"Checks that a JSON response from the WebDriver does not have an\n        error.\n    \n        :Args:\n         - response - The JSON response from the WebDriver server as a dictionary\n           object.\n    \n        :Raises: If the response contains an error message.\n        \"\"\"\n        status = response.get(\"status\", None)\n        if not status or status == ErrorCode.SUCCESS:\n            return\n        value = None\n        message = response.get(\"message\", \"\")\n        screen: str = response.get(\"screen\", \"\")\n        stacktrace = None\n        if isinstance(status, int):\n            value_json = response.get(\"value\", None)\n            if value_json and isinstance(value_json, str):\n                import json\n    \n                try:\n                    value = json.loads(value_json)\n                    if len(value) == 1:\n                        value = value[\"value\"]\n                    status = value.get(\"error\", None)\n                    if not status:\n                        status = value.get(\"status\", ErrorCode.UNKNOWN_ERROR)\n                        message = value.get(\"value\") or value.get(\"message\")\n                        if not isinstance(message, str):\n                            value = message\n                            message = message.get(\"message\")\n                    else:\n                        message = value.get(\"message\", None)\n                except ValueError:\n                    pass\n    \n        exception_class: Type[WebDriverException]\n        e = ErrorCode()\n        error_codes = [item for item in dir(e) if not item.startswith(\"__\")]\n        for error_code in error_codes:\n            error_info = getattr(ErrorCode, error_code)\n            if isinstance(error_info, list) and status in error_info:\n                exception_class = getattr(ExceptionMapping, error_code, WebDriverException)\n                break\n        else:\n            exception_class = WebDriverException\n    \n        if not value:\n            value = response[\"value\"]\n        if isinstance(value, str):\n            raise exception_class(value)\n        if message == \"\" and \"message\" in value:\n            message = value[\"message\"]\n    \n        screen = None  # type: ignore[assignment]\n        if \"screen\" in value:\n            screen = value[\"screen\"]\n    \n        stacktrace = None\n        st_value = value.get(\"stackTrace\") or value.get(\"stacktrace\")\n        if st_value:\n            if isinstance(st_value, str):\n                stacktrace = st_value.split(\"\\n\")\n            else:\n                stacktrace = []\n                try:\n                    for frame in st_value:\n                        line = frame.get(\"lineNumber\", \"\")\n                        file = frame.get(\"fileName\", \"<anonymous>\")\n                        if line:\n                            file = f\"{file}:{line}\"\n                        meth = frame.get(\"methodName\", \"<anonymous>\")\n                        if \"className\" in frame:\n                            meth = f\"{frame['className']}.{meth}\"\n                        msg = \"    at %s (%s)\"\n                        msg = msg % (meth, file)\n                        stacktrace.append(msg)\n                except TypeError:\n                    pass\n        if exception_class == UnexpectedAlertPresentException:\n            alert_text = None\n            if \"data\" in value:\n                alert_text = value[\"data\"].get(\"text\")\n            elif \"alert\" in value:\n                alert_text = value[\"alert\"].get(\"text\")\n            raise exception_class(message, screen, stacktrace, alert_text)  # type: ignore[call-arg]  # mypy is not smart enough here\n>       raise exception_class(message, screen, stacktrace)\nE       selenium.common.exceptions.NoSuchElementException: Message: no such element: Unable to locate element: {\"method\":\"xpath\",\"selector\":\"//button[@class =\"button-3 group block p-2.5 shadow-none transition-colors\"]\"}\nE         (Session info: chrome=123.0.6312.106); For documentation on this error, please visit: https://www.selenium.dev/documentation/webdriver/troubleshooting/errors#no-such-element-exception\nE       Stacktrace:\nE       0   chromedriver                        0x000000010081041c chromedriver + 4326428\nE       1   chromedriver                        0x00000001008088e4 chromedriver + 4294884\nE       2   chromedriver                        0x0000000100434088 chromedriver + 278664\nE       3   chromedriver                        0x0000000100476a80 chromedriver + 551552\nE       4   chromedriver                        0x00000001004af4f8 chromedriver + 783608\nE       5   chromedriver                        0x000000010046b4e4 chromedriver + 505060\nE       6   chromedriver                        0x000000010046bf5c chromedriver + 507740\nE       7   chromedriver                        0x00000001007d39b8 chromedriver + 4078008\nE       8   chromedriver                        0x00000001007d8770 chromedriver + 4097904\nE       9   chromedriver                        0x00000001007ba55c chromedriver + 3974492\nE       10  chromedriver                        0x00000001007d9088 chromedriver + 4100232\nE       11  chromedriver                        0x00000001007abb4c chromedriver + 3914572\nE       12  chromedriver                        0x00000001007f9690 chromedriver + 4232848\nE       13  chromedriver                        0x00000001007f980c chromedriver + 4233228\nE       14  chromedriver                        0x0000000100808558 chromedriver + 4293976\nE       15  libsystem_pthread.dylib             0x00000001851a6f94 _pthread_start + 136\nE       16  libsystem_pthread.dylib             0x00000001851a1d34 thread_start + 8\n\n/Library/Frameworks/Python.framework/Versions/3.12/lib/python3.12/site-packages/selenium/webdriver/remote/errorhandler.py:229: NoSuchElementException"}, "steps": [{"name": "Step 2", "status": "passed", "parameters": [{"name": "username", "value": "'daria_sbx_distributor'"}], "start": 1712244729722, "stop": 1712244729883}, {"name": "Step 3", "status": "passed", "parameters": [{"name": "password", "value": "'Iloveyou@198604'"}], "start": 1712244729883, "stop": 1712244729938}, {"name": "Step 4", "status": "passed", "start": 1712244729938, "stop": 1712244730064}], "start": 1712244722185, "stop": 1712244730072, "uuid": "31ad909d-b4ec-4dd2-ac21-339f1a21ed11", "historyId": "125421f1875c33834dce8d99a0f2ef9d", "testCaseId": "125421f1875c33834dce8d99a0f2ef9d", "fullName": "test.test_scanners_page#test_export_scanners_page", "labels": [{"name": "parentSuite", "value": "test"}, {"name": "suite", "value": "test_scanners_page"}, {"name": "host", "value": "Dariias-MacBook-Pro.local"}, {"name": "thread", "value": "93272-MainThread"}, {"name": "framework", "value": "pytest"}, {"name": "language", "value": "cpython3"}, {"name": "package", "value": "test.test_scanners_page"}]}