{"name": "test_login_with_valid_creds", "status": "broken", "statusDetails": {"message": "selenium.common.exceptions.TimeoutException: Message: \nStacktrace:\n0   chromedriver                        0x000000010102e934 chromedriver + 4368692\n1   chromedriver                        0x0000000101026dc8 chromedriver + 4337096\n2   chromedriver                        0x0000000100c4ac04 chromedriver + 289796\n3   chromedriver                        0x0000000100c8ce00 chromedriver + 560640\n4   chromedriver                        0x0000000100cc55ec chromedriver + 792044\n5   chromedriver                        0x0000000100c81ab4 chromedriver + 514740\n6   chromedriver                        0x0000000100c8250c chromedriver + 517388\n7   chromedriver                        0x0000000100ff2e50 chromedriver + 4124240\n8   chromedriver                        0x0000000100ff7c40 chromedriver + 4144192\n9   chromedriver                        0x0000000100fd8818 chromedriver + 4016152\n10  chromedriver                        0x0000000100ff8570 chromedriver + 4146544\n11  chromedriver                        0x0000000100fca2cc chromedriver + 3957452\n12  chromedriver                        0x0000000101017eb8 chromedriver + 4275896\n13  chromedriver                        0x0000000101018034 chromedriver + 4276276\n14  chromedriver                        0x0000000101026a28 chromedriver + 4336168\n15  libsystem_pthread.dylib             0x00000001943e6f94 _pthread_start + 136\n16  libsystem_pthread.dylib             0x00000001943e1d34 thread_start + 8", "trace": "open_login_page = <selenium.webdriver.chrome.webdriver.WebDriver (session=\"6e7cb28cc6569daba58b534359a0dd59\")>\nget_user_name = 'daria_sbx_distributor', get_user_password = 'Iloveyou@198604'\n\n    def test_login_with_valid_creds(open_login_page, get_user_name, get_user_password):\n>       LoginPage(open_login_page).do_login(get_user_name, get_user_password)\n\ntest_login_page.py:23: \n_ _ _ _ _ _ _ _ _ _ _ _ _ _ _ _ _ _ _ _ _ _ _ _ _ _ _ _ _ _ _ _ _ _ _ _ _ _ _ _ \n../page_objects/login_page.py:48: in do_login\n    self.set_user_name(username)\n../page_objects/login_page.py:25: in set_user_name\n    self._fill_input(username, (By.XPATH, self.locators.username_input_id_locator))\n../page_objects/base_page.py:25: in _fill_input\n    self._element_is_visible(locator, timeout)\n../page_objects/base_page.py:14: in _element_is_visible\n    return wait.until(EC.visibility_of_element_located(locator))\n_ _ _ _ _ _ _ _ _ _ _ _ _ _ _ _ _ _ _ _ _ _ _ _ _ _ _ _ _ _ _ _ _ _ _ _ _ _ _ _ \n\nself = <selenium.webdriver.support.wait.WebDriverWait (session=\"6e7cb28cc6569daba58b534359a0dd59\")>\nmethod = <function visibility_of_element_located.<locals>._predicate at 0x104b30b80>\nmessage = ''\n\n    def until(self, method: Callable[[D], Union[Literal[False], T]], message: str = \"\") -> T:\n        \"\"\"Calls the method provided with the driver as an argument until the \\\n        return value does not evaluate to ``False``.\n    \n        :param method: callable(WebDriver)\n        :param message: optional message for :exc:`TimeoutException`\n        :returns: the result of the last call to `method`\n        :raises: :exc:`selenium.common.exceptions.TimeoutException` if timeout occurs\n        \"\"\"\n        screen = None\n        stacktrace = None\n    \n        end_time = time.monotonic() + self._timeout\n        while True:\n            try:\n                value = method(self._driver)\n                if value:\n                    return value\n            except self._ignored_exceptions as exc:\n                screen = getattr(exc, \"screen\", None)\n                stacktrace = getattr(exc, \"stacktrace\", None)\n            time.sleep(self._poll)\n            if time.monotonic() > end_time:\n                break\n>       raise TimeoutException(message, screen, stacktrace)\nE       selenium.common.exceptions.TimeoutException: Message: \nE       Stacktrace:\nE       0   chromedriver                        0x000000010102e934 chromedriver + 4368692\nE       1   chromedriver                        0x0000000101026dc8 chromedriver + 4337096\nE       2   chromedriver                        0x0000000100c4ac04 chromedriver + 289796\nE       3   chromedriver                        0x0000000100c8ce00 chromedriver + 560640\nE       4   chromedriver                        0x0000000100cc55ec chromedriver + 792044\nE       5   chromedriver                        0x0000000100c81ab4 chromedriver + 514740\nE       6   chromedriver                        0x0000000100c8250c chromedriver + 517388\nE       7   chromedriver                        0x0000000100ff2e50 chromedriver + 4124240\nE       8   chromedriver                        0x0000000100ff7c40 chromedriver + 4144192\nE       9   chromedriver                        0x0000000100fd8818 chromedriver + 4016152\nE       10  chromedriver                        0x0000000100ff8570 chromedriver + 4146544\nE       11  chromedriver                        0x0000000100fca2cc chromedriver + 3957452\nE       12  chromedriver                        0x0000000101017eb8 chromedriver + 4275896\nE       13  chromedriver                        0x0000000101018034 chromedriver + 4276276\nE       14  chromedriver                        0x0000000101026a28 chromedriver + 4336168\nE       15  libsystem_pthread.dylib             0x00000001943e6f94 _pthread_start + 136\nE       16  libsystem_pthread.dylib             0x00000001943e1d34 thread_start + 8\n\n/Library/Frameworks/Python.framework/Versions/3.12/lib/python3.12/site-packages/selenium/webdriver/support/wait.py:105: TimeoutException"}, "steps": [{"name": "Step 2", "status": "broken", "statusDetails": {"message": "selenium.common.exceptions.TimeoutException: Message: \nStacktrace:\n0   chromedriver                        0x000000010102e934 chromedriver + 4368692\n1   chromedriver                        0x0000000101026dc8 chromedriver + 4337096\n2   chromedriver                        0x0000000100c4ac04 chromedriver + 289796\n3   chromedriver                        0x0000000100c8ce00 chromedriver + 560640\n4   chromedriver                        0x0000000100cc55ec chromedriver + 792044\n5   chromedriver                        0x0000000100c81ab4 chromedriver + 514740\n6   chromedriver                        0x0000000100c8250c chromedriver + 517388\n7   chromedriver                        0x0000000100ff2e50 chromedriver + 4124240\n8   chromedriver                        0x0000000100ff7c40 chromedriver + 4144192\n9   chromedriver                        0x0000000100fd8818 chromedriver + 4016152\n10  chromedriver                        0x0000000100ff8570 chromedriver + 4146544\n11  chromedriver                        0x0000000100fca2cc chromedriver + 3957452\n12  chromedriver                        0x0000000101017eb8 chromedriver + 4275896\n13  chromedriver                        0x0000000101018034 chromedriver + 4276276\n14  chromedriver                        0x0000000101026a28 chromedriver + 4336168\n15  libsystem_pthread.dylib             0x00000001943e6f94 _pthread_start + 136\n16  libsystem_pthread.dylib             0x00000001943e1d34 thread_start + 8\n\n", "trace": "  File \"/Library/Frameworks/Python.framework/Versions/3.12/lib/python3.12/site-packages/allure_commons/_allure.py\", line 192, in impl\n    return func(*a, **kw)\n           ^^^^^^^^^^^^^^\n  File \"/Users/dsvitlyc/PycharmProjects/Auto_tests/page_objects/login_page.py\", line 25, in set_user_name\n    self._fill_input(username, (By.XPATH, self.locators.username_input_id_locator))\n  File \"/Users/dsvitlyc/PycharmProjects/Auto_tests/page_objects/base_page.py\", line 25, in _fill_input\n    self._element_is_visible(locator, timeout)\n  File \"/Users/dsvitlyc/PycharmProjects/Auto_tests/page_objects/base_page.py\", line 14, in _element_is_visible\n    return wait.until(EC.visibility_of_element_located(locator))\n           ^^^^^^^^^^^^^^^^^^^^^^^^^^^^^^^^^^^^^^^^^^^^^^^^^^^^^\n  File \"/Library/Frameworks/Python.framework/Versions/3.12/lib/python3.12/site-packages/selenium/webdriver/support/wait.py\", line 105, in until\n    raise TimeoutException(message, screen, stacktrace)\n"}, "parameters": [{"name": "username", "value": "'daria_sbx_distributor'"}], "start": 1713735039982, "stop": 1713735043048}], "start": 1713735039982, "stop": 1713735043051, "uuid": "f55fa16f-5667-432b-a314-25b59a451615", "historyId": "3ffcef2b009f6290b15c677f7beac86f", "testCaseId": "3ffcef2b009f6290b15c677f7beac86f", "fullName": "test.test_login_page#test_login_with_valid_creds", "labels": [{"name": "parentSuite", "value": "test"}, {"name": "suite", "value": "test_login_page"}, {"name": "host", "value": "dariias-mbp.home"}, {"name": "thread", "value": "91811-MainThread"}, {"name": "framework", "value": "pytest"}, {"name": "language", "value": "cpython3"}, {"name": "package", "value": "test.test_login_page"}]}